[debug] [2023-10-02T07:11:30.241Z] ----------------------------------------------------------------------
[debug] [2023-10-02T07:11:30.245Z] Command:       C:\Program Files\nodejs\node.exe C:\Users\yasme\AppData\Roaming\npm\node_modules\firebase-tools\lib\bin\firebase.js init
[debug] [2023-10-02T07:11:30.245Z] CLI Version:   12.6.1
[debug] [2023-10-02T07:11:30.246Z] Platform:      win32
[debug] [2023-10-02T07:11:30.246Z] Node Version:  v18.17.1
[debug] [2023-10-02T07:11:30.247Z] Time:          Mon Oct 02 2023 10:11:30 GMT+0300 (Eastern European Summer Time)
[debug] [2023-10-02T07:11:30.248Z] ----------------------------------------------------------------------
[debug] 
[debug] [2023-10-02T07:11:30.260Z] > command requires scopes: ["email","openid","https://www.googleapis.com/auth/cloudplatformprojects.readonly","https://www.googleapis.com/auth/firebase","https://www.googleapis.com/auth/cloud-platform"]
[debug] [2023-10-02T07:11:30.261Z] > authorizing via signed-in user (yasmen.abodabash@gmail.com)
[info] 
     ######## #### ########  ######## ########     ###     ######  ########
     ##        ##  ##     ## ##       ##     ##  ##   ##  ##       ##
     ######    ##  ########  ######   ########  #########  ######  ######
     ##        ##  ##    ##  ##       ##     ## ##     ##       ## ##
     ##       #### ##     ## ######## ########  ##     ##  ######  ########

You're about to initialize a Firebase project in this directory:

  D:\projects\task-manager

[info] 
=== Project Setup
[info] 
[info] First, let's associate this project directory with a Firebase project.
[info] You can create multiple project aliases by running firebase use --add, 
[info] but for now we'll just set up a default project.
[info] 
[debug] [2023-10-02T07:12:00.693Z] >>> [apiv2][query] GET https://firebase.googleapis.com/v1beta1/projects pageSize=100
[debug] [2023-10-02T07:12:01.476Z] <<< [apiv2][status] GET https://firebase.googleapis.com/v1beta1/projects 200
[debug] [2023-10-02T07:12:01.477Z] <<< [apiv2][body] GET https://firebase.googleapis.com/v1beta1/projects [omitted]
[info] i  Using project task-manager-8e468 (task-manager) 
[info] 
=== Database Setup
[info] i  database: ensuring required API firebasedatabase.googleapis.com is enabled... 
[debug] [2023-10-02T07:12:03.515Z] >>> [apiv2][query] GET https://serviceusage.googleapis.com/v1/projects/task-manager-8e468/services/firebasedatabase.googleapis.com [none]
[debug] [2023-10-02T07:12:03.516Z] >>> [apiv2][(partial)header] GET https://serviceusage.googleapis.com/v1/projects/task-manager-8e468/services/firebasedatabase.googleapis.com x-goog-quota-user=projects/task-manager-8e468
[debug] [2023-10-02T07:12:04.743Z] <<< [apiv2][status] GET https://serviceusage.googleapis.com/v1/projects/task-manager-8e468/services/firebasedatabase.googleapis.com 200
[debug] [2023-10-02T07:12:04.743Z] <<< [apiv2][body] GET https://serviceusage.googleapis.com/v1/projects/task-manager-8e468/services/firebasedatabase.googleapis.com [omitted]
[warn] !  database: missing required API firebasedatabase.googleapis.com. Enabling now... 
[debug] [2023-10-02T07:12:04.744Z] >>> [apiv2][query] POST https://serviceusage.googleapis.com/v1/projects/task-manager-8e468/services/firebasedatabase.googleapis.com:enable [none]
[debug] [2023-10-02T07:12:04.744Z] >>> [apiv2][(partial)header] POST https://serviceusage.googleapis.com/v1/projects/task-manager-8e468/services/firebasedatabase.googleapis.com:enable x-goog-quota-user=projects/task-manager-8e468
[debug] [2023-10-02T07:12:06.445Z] <<< [apiv2][status] POST https://serviceusage.googleapis.com/v1/projects/task-manager-8e468/services/firebasedatabase.googleapis.com:enable 200
[debug] [2023-10-02T07:12:06.445Z] <<< [apiv2][body] POST https://serviceusage.googleapis.com/v1/projects/task-manager-8e468/services/firebasedatabase.googleapis.com:enable [omitted]
[debug] [2023-10-02T07:12:16.455Z] >>> [apiv2][query] GET https://serviceusage.googleapis.com/v1/projects/task-manager-8e468/services/firebasedatabase.googleapis.com [none]
[debug] [2023-10-02T07:12:16.455Z] >>> [apiv2][(partial)header] GET https://serviceusage.googleapis.com/v1/projects/task-manager-8e468/services/firebasedatabase.googleapis.com x-goog-quota-user=projects/task-manager-8e468
[debug] [2023-10-02T07:12:17.645Z] <<< [apiv2][status] GET https://serviceusage.googleapis.com/v1/projects/task-manager-8e468/services/firebasedatabase.googleapis.com 200
[debug] [2023-10-02T07:12:17.645Z] <<< [apiv2][body] GET https://serviceusage.googleapis.com/v1/projects/task-manager-8e468/services/firebasedatabase.googleapis.com [omitted]
[info] +  database: required API firebasedatabase.googleapis.com is enabled 
[info] 
[debug] [2023-10-02T07:12:17.652Z] >>> [apiv2][query] GET https://firebase.googleapis.com/v1beta1/projects/task-manager-8e468 [none]
[debug] [2023-10-02T07:12:18.156Z] <<< [apiv2][status] GET https://firebase.googleapis.com/v1beta1/projects/task-manager-8e468 200
[debug] [2023-10-02T07:12:18.156Z] <<< [apiv2][body] GET https://firebase.googleapis.com/v1beta1/projects/task-manager-8e468 {"projectId":"task-manager-8e468","projectNumber":"734078230273","displayName":"task-manager","name":"projects/task-manager-8e468","resources":{"hostingSite":"task-manager-8e468"},"state":"ACTIVE","etag":"1_035308e1-78f8-4e47-80e6-51e093adb096"}
[debug] [2023-10-02T07:12:22.476Z] >>> [apiv2][query] POST https://firebasedatabase.googleapis.com/v1beta/projects/task-manager-8e468/locations/us-central1/instances databaseId=task-manager-8e468-default-rtdb&validateOnly=true
[debug] [2023-10-02T07:12:22.476Z] >>> [apiv2][body] POST https://firebasedatabase.googleapis.com/v1beta/projects/task-manager-8e468/locations/us-central1/instances {"type":"default_database"}
[debug] [2023-10-02T07:12:23.774Z] <<< [apiv2][status] POST https://firebasedatabase.googleapis.com/v1beta/projects/task-manager-8e468/locations/us-central1/instances 200
[debug] [2023-10-02T07:12:23.775Z] <<< [apiv2][body] POST https://firebasedatabase.googleapis.com/v1beta/projects/task-manager-8e468/locations/us-central1/instances {"name":"projects/734078230273/locations/us-central1/instances/task-manager-8e468-default-rtdb","project":"projects/734078230273","databaseUrl":"https://task-manager-8e468-default-rtdb.firebaseio.com","type":"DEFAULT_DATABASE","state":"ACTIVE"}
[debug] [2023-10-02T07:12:23.784Z] >>> [apiv2][query] POST https://firebasedatabase.googleapis.com/v1beta/projects/task-manager-8e468/locations/us-central1/instances databaseId=task-manager-8e468-default-rtdb
[debug] [2023-10-02T07:12:23.785Z] >>> [apiv2][body] POST https://firebasedatabase.googleapis.com/v1beta/projects/task-manager-8e468/locations/us-central1/instances {"type":"default_database"}
[debug] [2023-10-02T07:12:25.423Z] <<< [apiv2][status] POST https://firebasedatabase.googleapis.com/v1beta/projects/task-manager-8e468/locations/us-central1/instances 200
[debug] [2023-10-02T07:12:25.424Z] <<< [apiv2][body] POST https://firebasedatabase.googleapis.com/v1beta/projects/task-manager-8e468/locations/us-central1/instances {"name":"projects/734078230273/locations/us-central1/instances/task-manager-8e468-default-rtdb","project":"projects/734078230273","databaseUrl":"https://task-manager-8e468-default-rtdb.firebaseio.com","type":"DEFAULT_DATABASE","state":"ACTIVE"}
[info] 
[info] Firebase Realtime Database Security Rules allow you to define how your data should be
[info] structured and when your data can be read from and written to.
[info] 
[debug] [2023-10-02T07:12:32.078Z] >>> [apiv2][query] GET https://task-manager-8e468-default-rtdb.firebaseio.com/.settings/rules.json [none]
[debug] [2023-10-02T07:12:33.229Z] <<< [apiv2][status] GET https://task-manager-8e468-default-rtdb.firebaseio.com/.settings/rules.json 200
[debug] [2023-10-02T07:12:33.229Z] <<< [apiv2][body] GET https://task-manager-8e468-default-rtdb.firebaseio.com/.settings/rules.json [stream]
[info] +  Database Rules for task-manager-8e468-default-rtdb have been written to database.rules.json. 
[info] Future modifications to database.rules.json will update Realtime Database Security Rules when you run
[info] firebase deploy.
[info] 
=== Firestore Setup
[debug] [2023-10-02T07:12:33.235Z] >>> [apiv2][query] GET https://serviceusage.googleapis.com/v1/projects/task-manager-8e468/services/firestore.googleapis.com [none]
[debug] [2023-10-02T07:12:33.235Z] >>> [apiv2][(partial)header] GET https://serviceusage.googleapis.com/v1/projects/task-manager-8e468/services/firestore.googleapis.com x-goog-quota-user=projects/task-manager-8e468
[debug] [2023-10-02T07:12:34.352Z] <<< [apiv2][status] GET https://serviceusage.googleapis.com/v1/projects/task-manager-8e468/services/firestore.googleapis.com 200
[debug] [2023-10-02T07:12:34.352Z] <<< [apiv2][body] GET https://serviceusage.googleapis.com/v1/projects/task-manager-8e468/services/firestore.googleapis.com [omitted]
[debug] [2023-10-02T07:12:34.353Z] >>> [apiv2][query] GET https://firestore.googleapis.com/v1/projects/task-manager-8e468/databases/(default) [none]
[debug] [2023-10-02T07:12:35.465Z] <<< [apiv2][status] GET https://firestore.googleapis.com/v1/projects/task-manager-8e468/databases/(default) 200
[debug] [2023-10-02T07:12:35.465Z] <<< [apiv2][body] GET https://firestore.googleapis.com/v1/projects/task-manager-8e468/databases/(default) {"name":"projects/task-manager-8e468/databases/(default)","uid":"fce97a43-d234-46b5-9ea9-441597e23bda","createTime":"2023-09-25T04:23:00.140902Z","updateTime":"2023-09-25T04:23:00.140902Z","locationId":"nam5","type":"FIRESTORE_NATIVE","concurrencyMode":"PESSIMISTIC","versionRetentionPeriod":"3600s","earliestVersionTime":"2023-10-02T06:12:36.066555Z","appEngineIntegrationMode":"DISABLED","keyPrefix":"s","pointInTimeRecoveryEnablement":"POINT_IN_TIME_RECOVERY_DISABLED","deleteProtectionState":"DELETE_PROTECTION_DISABLED","etag":"ILbFsP3n1oEDMOO25431xIED"}
[debug] [2023-10-02T07:12:35.466Z] database_type: FIRESTORE_NATIVE
[debug] [2023-10-02T07:12:35.467Z] > command requires scopes: ["email","openid","https://www.googleapis.com/auth/cloudplatformprojects.readonly","https://www.googleapis.com/auth/firebase","https://www.googleapis.com/auth/cloud-platform"]
[debug] [2023-10-02T07:12:35.468Z] > authorizing via signed-in user (yasmen.abodabash@gmail.com)
[debug] [2023-10-02T07:12:35.468Z] [iam] checking project task-manager-8e468 for permissions ["firebase.projects.get"]
[debug] [2023-10-02T07:12:35.470Z] >>> [apiv2][query] POST https://cloudresourcemanager.googleapis.com/v1/projects/task-manager-8e468:testIamPermissions [none]
[debug] [2023-10-02T07:12:35.471Z] >>> [apiv2][(partial)header] POST https://cloudresourcemanager.googleapis.com/v1/projects/task-manager-8e468:testIamPermissions x-goog-quota-user=projects/task-manager-8e468
[debug] [2023-10-02T07:12:35.472Z] >>> [apiv2][body] POST https://cloudresourcemanager.googleapis.com/v1/projects/task-manager-8e468:testIamPermissions {"permissions":["firebase.projects.get"]}
[debug] [2023-10-02T07:12:36.575Z] <<< [apiv2][status] POST https://cloudresourcemanager.googleapis.com/v1/projects/task-manager-8e468:testIamPermissions 200
[debug] [2023-10-02T07:12:36.575Z] <<< [apiv2][body] POST https://cloudresourcemanager.googleapis.com/v1/projects/task-manager-8e468:testIamPermissions {"permissions":["firebase.projects.get"]}
[info] 
[info] Firestore Security Rules allow you to define how and when to allow
[info] requests. You can keep these rules in your project directory
[info] and publish them with firebase deploy.
[info] 
[debug] [2023-10-02T07:12:41.087Z] >>> [apiv2][query] GET https://firebaserules.googleapis.com/v1/projects/task-manager-8e468/releases pageSize=10&pageToken=
[debug] [2023-10-02T07:12:42.218Z] <<< [apiv2][status] GET https://firebaserules.googleapis.com/v1/projects/task-manager-8e468/releases 200
[debug] [2023-10-02T07:12:42.218Z] <<< [apiv2][body] GET https://firebaserules.googleapis.com/v1/projects/task-manager-8e468/releases {"releases":[{"name":"projects/task-manager-8e468/releases/cloud.firestore","rulesetName":"projects/task-manager-8e468/rulesets/7cbf2b26-1236-4651-8fb6-2b6c0ad0ee49","createTime":"2023-09-25T04:23:08.010864Z","updateTime":"2023-09-25T04:23:08.010864Z"}]}
[debug] [2023-10-02T07:12:42.218Z] Found ruleset: projects/task-manager-8e468/rulesets/7cbf2b26-1236-4651-8fb6-2b6c0ad0ee49
[debug] [2023-10-02T07:12:42.218Z] >>> [apiv2][query] GET https://firebaserules.googleapis.com/v1/projects/task-manager-8e468/rulesets/7cbf2b26-1236-4651-8fb6-2b6c0ad0ee49 [none]
[debug] [2023-10-02T07:12:43.157Z] <<< [apiv2][status] GET https://firebaserules.googleapis.com/v1/projects/task-manager-8e468/rulesets/7cbf2b26-1236-4651-8fb6-2b6c0ad0ee49 200
[debug] [2023-10-02T07:12:43.157Z] <<< [apiv2][body] GET https://firebaserules.googleapis.com/v1/projects/task-manager-8e468/rulesets/7cbf2b26-1236-4651-8fb6-2b6c0ad0ee49 [omitted]
[info] 
[info] Firestore indexes allow you to perform complex queries while
[info] maintaining performance that scales with the size of the result
[info] set. You can keep index definitions in your project directory
[info] and publish them with firebase deploy.
[info] 
[debug] [2023-10-02T07:12:48.769Z] >>> [apiv2][query] GET https://firestore.googleapis.com/v1/projects/task-manager-8e468/databases/(default)/collectionGroups/-/indexes [none]
[debug] [2023-10-02T07:12:48.771Z] >>> [apiv2][query] GET https://firestore.googleapis.com/v1/projects/task-manager-8e468/databases/(default)/collectionGroups/-/fields?filter=indexConfig.usesAncestorConfig=false OR ttlConfig:* [none]
[debug] [2023-10-02T07:12:49.804Z] <<< [apiv2][status] GET https://firestore.googleapis.com/v1/projects/task-manager-8e468/databases/(default)/collectionGroups/-/fields?filter=indexConfig.usesAncestorConfig=false OR ttlConfig:* 200
[debug] [2023-10-02T07:12:49.804Z] <<< [apiv2][body] GET https://firestore.googleapis.com/v1/projects/task-manager-8e468/databases/(default)/collectionGroups/-/fields?filter=indexConfig.usesAncestorConfig=false OR ttlConfig:* {"fields":[{"name":"projects/task-manager-8e468/databases/(default)/collectionGroups/__default__/fields/*","indexConfig":{"indexes":[{"queryScope":"COLLECTION","fields":[{"fieldPath":"*","order":"ASCENDING"}],"state":"READY"},{"queryScope":"COLLECTION","fields":[{"fieldPath":"*","order":"DESCENDING"}],"state":"READY"},{"queryScope":"COLLECTION","fields":[{"fieldPath":"*","arrayConfig":"CONTAINS"}],"state":"READY"}]}}]}
[debug] [2023-10-02T07:12:49.836Z] <<< [apiv2][status] GET https://firestore.googleapis.com/v1/projects/task-manager-8e468/databases/(default)/collectionGroups/-/indexes 200
[debug] [2023-10-02T07:12:49.836Z] <<< [apiv2][body] GET https://firestore.googleapis.com/v1/projects/task-manager-8e468/databases/(default)/collectionGroups/-/indexes {}
[info] 
=== Functions Setup
[debug] [2023-10-02T07:12:49.839Z] > command requires scopes: ["email","openid","https://www.googleapis.com/auth/cloudplatformprojects.readonly","https://www.googleapis.com/auth/firebase","https://www.googleapis.com/auth/cloud-platform"]
[debug] [2023-10-02T07:12:49.839Z] > authorizing via signed-in user (yasmen.abodabash@gmail.com)
[debug] [2023-10-02T07:12:49.839Z] [iam] checking project task-manager-8e468 for permissions ["firebase.projects.get"]
[debug] [2023-10-02T07:12:49.840Z] >>> [apiv2][query] POST https://cloudresourcemanager.googleapis.com/v1/projects/task-manager-8e468:testIamPermissions [none]
[debug] [2023-10-02T07:12:49.840Z] >>> [apiv2][(partial)header] POST https://cloudresourcemanager.googleapis.com/v1/projects/task-manager-8e468:testIamPermissions x-goog-quota-user=projects/task-manager-8e468
[debug] [2023-10-02T07:12:49.840Z] >>> [apiv2][body] POST https://cloudresourcemanager.googleapis.com/v1/projects/task-manager-8e468:testIamPermissions {"permissions":["firebase.projects.get"]}
[debug] [2023-10-02T07:12:50.761Z] <<< [apiv2][status] POST https://cloudresourcemanager.googleapis.com/v1/projects/task-manager-8e468:testIamPermissions 200
[debug] [2023-10-02T07:12:50.761Z] <<< [apiv2][body] POST https://cloudresourcemanager.googleapis.com/v1/projects/task-manager-8e468:testIamPermissions {"permissions":["firebase.projects.get"]}
[debug] [2023-10-02T07:12:50.762Z] >>> [apiv2][query] GET https://serviceusage.googleapis.com/v1/projects/task-manager-8e468/services/cloudfunctions.googleapis.com [none]
[debug] [2023-10-02T07:12:50.762Z] >>> [apiv2][(partial)header] GET https://serviceusage.googleapis.com/v1/projects/task-manager-8e468/services/cloudfunctions.googleapis.com x-goog-quota-user=projects/task-manager-8e468
[debug] [2023-10-02T07:12:50.765Z] >>> [apiv2][query] GET https://serviceusage.googleapis.com/v1/projects/task-manager-8e468/services/runtimeconfig.googleapis.com [none]
[debug] [2023-10-02T07:12:50.765Z] >>> [apiv2][(partial)header] GET https://serviceusage.googleapis.com/v1/projects/task-manager-8e468/services/runtimeconfig.googleapis.com x-goog-quota-user=projects/task-manager-8e468
[debug] [2023-10-02T07:12:51.872Z] <<< [apiv2][status] GET https://serviceusage.googleapis.com/v1/projects/task-manager-8e468/services/runtimeconfig.googleapis.com 200
[debug] [2023-10-02T07:12:51.872Z] <<< [apiv2][body] GET https://serviceusage.googleapis.com/v1/projects/task-manager-8e468/services/runtimeconfig.googleapis.com [omitted]
[debug] [2023-10-02T07:12:51.873Z] <<< [apiv2][status] GET https://serviceusage.googleapis.com/v1/projects/task-manager-8e468/services/cloudfunctions.googleapis.com 200
[debug] [2023-10-02T07:12:51.873Z] <<< [apiv2][body] GET https://serviceusage.googleapis.com/v1/projects/task-manager-8e468/services/cloudfunctions.googleapis.com [omitted]
[debug] [2023-10-02T07:12:51.873Z] >>> [apiv2][query] POST https://serviceusage.googleapis.com/v1/projects/task-manager-8e468/services/cloudfunctions.googleapis.com:enable [none]
[debug] [2023-10-02T07:12:51.873Z] >>> [apiv2][(partial)header] POST https://serviceusage.googleapis.com/v1/projects/task-manager-8e468/services/cloudfunctions.googleapis.com:enable x-goog-quota-user=projects/task-manager-8e468
[debug] [2023-10-02T07:12:53.744Z] <<< [apiv2][status] POST https://serviceusage.googleapis.com/v1/projects/task-manager-8e468/services/cloudfunctions.googleapis.com:enable 200
[debug] [2023-10-02T07:12:53.744Z] <<< [apiv2][body] POST https://serviceusage.googleapis.com/v1/projects/task-manager-8e468/services/cloudfunctions.googleapis.com:enable [omitted]
[debug] [2023-10-02T07:13:03.753Z] >>> [apiv2][query] GET https://serviceusage.googleapis.com/v1/projects/task-manager-8e468/services/cloudfunctions.googleapis.com [none]
[debug] [2023-10-02T07:13:03.753Z] >>> [apiv2][(partial)header] GET https://serviceusage.googleapis.com/v1/projects/task-manager-8e468/services/cloudfunctions.googleapis.com x-goog-quota-user=projects/task-manager-8e468
[debug] [2023-10-02T07:13:04.954Z] <<< [apiv2][status] GET https://serviceusage.googleapis.com/v1/projects/task-manager-8e468/services/cloudfunctions.googleapis.com 200
[debug] [2023-10-02T07:13:04.955Z] <<< [apiv2][body] GET https://serviceusage.googleapis.com/v1/projects/task-manager-8e468/services/cloudfunctions.googleapis.com [omitted]
[info] Let's create a new codebase for your functions.
[info] A directory corresponding to the codebase will be created in your project
[info] with sample code pre-configured.

[info] See https://firebase.google.com/docs/functions/organize-functions for
[info] more information on organizing your functions using codebases.

[info] Functions can be deployed with firebase deploy.

[info] +  Wrote functions/package.json 
[info] +  Wrote functions/.eslintrc.js 
[info] +  Wrote functions/tsconfig.json 
[info] +  Wrote functions/tsconfig.dev.json 
[info] +  Wrote functions/src/index.ts 
[info] +  Wrote functions/.gitignore 
[info] 
=== Hosting Setup
[info] 
[info] Your public directory is the folder (relative to your project directory) that
[info] will contain Hosting assets to be uploaded with firebase deploy. If you
[info] have a build process for your assets, use your build's output directory.
[info] 
[debug] [2023-10-02T07:16:29.542Z] >>> [apiv2][query] GET https://www.gstatic.com/firebasejs/releases.json [none]
[debug] [2023-10-02T07:16:29.952Z] <<< [apiv2][status] GET https://www.gstatic.com/firebasejs/releases.json 200
[debug] [2023-10-02T07:16:29.952Z] <<< [apiv2][body] GET https://www.gstatic.com/firebasejs/releases.json {"current":{"version":"10.4.0","browserURL":"https://www.gstatic.com/firebasejs/10.4.0/firebase.js","packageURL":"https://www.gstatic.com/firebasejs/10.4.0/firebase.tgz"},"live":{"version":"10.4","browserURL":"https://www.gstatic.com/firebasejs/live/10.4/firebase.js","packageURL":"https://www.gstatic.com/firebasejs/live/10.4/firebase.tgz"},"components":{"analytics":"https://www.gstatic.com/firebasejs/10.4.0/firebase-analytics.js","app":"https://www.gstatic.com/firebasejs/10.4.0/firebase-app.js","app-check":"https://www.gstatic.com/firebasejs/10.4.0/firebase-app-check.js","auth":"https://www.gstatic.com/firebasejs/10.4.0/firebase-auth.js","auth/cordova":"https://www.gstatic.com/firebasejs/10.4.0/firebase-auth/cordova.js","functions":"https://www.gstatic.com/firebasejs/10.4.0/firebase-functions.js","firestore":"https://www.gstatic.com/firebasejs/10.4.0/firebase-firestore.js","firestore/lite":"https://www.gstatic.com/firebasejs/10.4.0/firebase-firestore/lite.js","installations":"https://www.gstatic.com/firebasejs/10.4.0/firebase-installations.js","storage":"https://www.gstatic.com/firebasejs/10.4.0/firebase-storage.js","performance":"https://www.gstatic.com/firebasejs/10.4.0/firebase-performance.js","remote-config":"https://www.gstatic.com/firebasejs/10.4.0/firebase-remote-config.js","messaging":"https://www.gstatic.com/firebasejs/10.4.0/firebase-messaging.js","messaging/sw":"https://www.gstatic.com/firebasejs/10.4.0/firebase-messaging/sw.js","database":"https://www.gstatic.com/firebasejs/10.4.0/firebase-database.js","firestore.memory":"https://www.gstatic.com/firebasejs/10.4.0/firebase-firestore.memory.js"}}
[info] +  Wrote public/index.html 
[info] 
[info] i  Detected a .git folder at D:\projects\task-manager 
[info] i  Authorizing with GitHub to upload your service account to a GitHub repository's secrets store. 
[info] 
[info] Visit this URL on this device to log in:
[info] https://github.com/login/oauth/authorize?client_id=89cf50f02ac6aaed3484&state=330619215&redirect_uri=http%3A%2F%2Flocalhost%3A9005&scope=read%3Auser%20repo%20public_repo
[info] 
[info] Waiting for authentication...
[debug] [2023-10-02T07:19:03.014Z] >>> [apiv2][query] POST https://github.com/login/oauth/access_token [none]
[debug] [2023-10-02T07:19:03.014Z] >>> [apiv2][body] POST https://github.com/login/oauth/access_token [stream]
[debug] [2023-10-02T07:19:03.585Z] <<< [apiv2][status] POST https://github.com/login/oauth/access_token 200
[debug] [2023-10-02T07:19:03.586Z] <<< [apiv2][body] POST https://github.com/login/oauth/access_token {"access_token":"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","token_type":"bearer","scope":"read:user,repo"}
[debug] [2023-10-02T07:19:03.611Z] >>> [apiv2][query] GET https://api.github.com/user [none]
[debug] [2023-10-02T07:19:06.786Z] <<< [apiv2][status] GET https://api.github.com/user 200
[debug] [2023-10-02T07:19:06.786Z] <<< [apiv2][body] GET https://api.github.com/user {"login":"yasmenMohammed1","id":100135468,"node_id":"U_kgDOBffyLA","avatar_url":"https://avatars.githubusercontent.com/u/100135468?v=4","gravatar_id":"","url":"https://api.github.com/users/yasmenMohammed1","html_url":"https://github.com/yasmenMohammed1","followers_url":"https://api.github.com/users/yasmenMohammed1/followers","following_url":"https://api.github.com/users/yasmenMohammed1/following{/other_user}","gists_url":"https://api.github.com/users/yasmenMohammed1/gists{/gist_id}","starred_url":"https://api.github.com/users/yasmenMohammed1/starred{/owner}{/repo}","subscriptions_url":"https://api.github.com/users/yasmenMohammed1/subscriptions","organizations_url":"https://api.github.com/users/yasmenMohammed1/orgs","repos_url":"https://api.github.com/users/yasmenMohammed1/repos","events_url":"https://api.github.com/users/yasmenMohammed1/events{/privacy}","received_events_url":"https://api.github.com/users/yasmenMohammed1/received_events","type":"User","site_admin":false,"name":null,"company":null,"blog":"","location":null,"email":null,"hireable":true,"bio":null,"twitter_username":null,"public_repos":17,"public_gists":0,"followers":12,"following":14,"created_at":"2022-02-21T12:20:14Z","updated_at":"2023-09-20T16:04:10Z","private_gists":0,"total_private_repos":5,"owned_private_repos":4,"disk_usage":119092,"collaborators":5,"two_factor_authentication":false,"plan":{"name":"free","space":976562499,"collaborators":0,"private_repos":10000}}
[info] 
[info] +  Success! Logged into GitHub as yasmenMohammed1 
[info] 
